ARM GAS  C:\Users\user\AppData\Local\Temp\ccpGinAZ.s 			page 1


   1              		.cpu cortex-m4
   2              		.arch armv7e-m
   3              		.fpu fpv4-sp-d16
   4              		.eabi_attribute 27, 1
   5              		.eabi_attribute 28, 1
   6              		.eabi_attribute 20, 1
   7              		.eabi_attribute 21, 1
   8              		.eabi_attribute 23, 3
   9              		.eabi_attribute 24, 1
  10              		.eabi_attribute 25, 1
  11              		.eabi_attribute 26, 1
  12              		.eabi_attribute 30, 1
  13              		.eabi_attribute 34, 1
  14              		.eabi_attribute 18, 4
  15              		.file	"arm_cos_f32.c"
  16              		.text
  17              	.Ltext0:
  18              		.cfi_sections	.debug_frame
  19              		.section	.text.arm_cos_f32,"ax",%progbits
  20              		.align	1
  21              		.global	arm_cos_f32
  22              		.syntax unified
  23              		.thumb
  24              		.thumb_func
  26              	arm_cos_f32:
  27              	.LVL0:
  28              	.LFB121:
  29              		.file 1 "Drivers/CMSIS/DSP/Source/FastMathFunctions/arm_cos_f32.c"
   1:Drivers/CMSIS/DSP/Source/FastMathFunctions/arm_cos_f32.c **** /* ----------------------------------------------------------------------
   2:Drivers/CMSIS/DSP/Source/FastMathFunctions/arm_cos_f32.c ****  * Project:      CMSIS DSP Library
   3:Drivers/CMSIS/DSP/Source/FastMathFunctions/arm_cos_f32.c ****  * Title:        arm_cos_f32.c
   4:Drivers/CMSIS/DSP/Source/FastMathFunctions/arm_cos_f32.c ****  * Description:  Fast cosine calculation for floating-point values
   5:Drivers/CMSIS/DSP/Source/FastMathFunctions/arm_cos_f32.c ****  *
   6:Drivers/CMSIS/DSP/Source/FastMathFunctions/arm_cos_f32.c ****  * $Date:        23 April 2021
   7:Drivers/CMSIS/DSP/Source/FastMathFunctions/arm_cos_f32.c ****  * $Revision:    V1.9.0
   8:Drivers/CMSIS/DSP/Source/FastMathFunctions/arm_cos_f32.c ****  *
   9:Drivers/CMSIS/DSP/Source/FastMathFunctions/arm_cos_f32.c ****  * Target Processor: Cortex-M and Cortex-A cores
  10:Drivers/CMSIS/DSP/Source/FastMathFunctions/arm_cos_f32.c ****  * -------------------------------------------------------------------- */
  11:Drivers/CMSIS/DSP/Source/FastMathFunctions/arm_cos_f32.c **** /*
  12:Drivers/CMSIS/DSP/Source/FastMathFunctions/arm_cos_f32.c ****  * Copyright (C) 2010-2021 ARM Limited or its affiliates. All rights reserved.
  13:Drivers/CMSIS/DSP/Source/FastMathFunctions/arm_cos_f32.c ****  *
  14:Drivers/CMSIS/DSP/Source/FastMathFunctions/arm_cos_f32.c ****  * SPDX-License-Identifier: Apache-2.0
  15:Drivers/CMSIS/DSP/Source/FastMathFunctions/arm_cos_f32.c ****  *
  16:Drivers/CMSIS/DSP/Source/FastMathFunctions/arm_cos_f32.c ****  * Licensed under the Apache License, Version 2.0 (the License); you may
  17:Drivers/CMSIS/DSP/Source/FastMathFunctions/arm_cos_f32.c ****  * not use this file except in compliance with the License.
  18:Drivers/CMSIS/DSP/Source/FastMathFunctions/arm_cos_f32.c ****  * You may obtain a copy of the License at
  19:Drivers/CMSIS/DSP/Source/FastMathFunctions/arm_cos_f32.c ****  *
  20:Drivers/CMSIS/DSP/Source/FastMathFunctions/arm_cos_f32.c ****  * www.apache.org/licenses/LICENSE-2.0
  21:Drivers/CMSIS/DSP/Source/FastMathFunctions/arm_cos_f32.c ****  *
  22:Drivers/CMSIS/DSP/Source/FastMathFunctions/arm_cos_f32.c ****  * Unless required by applicable law or agreed to in writing, software
  23:Drivers/CMSIS/DSP/Source/FastMathFunctions/arm_cos_f32.c ****  * distributed under the License is distributed on an AS IS BASIS, WITHOUT
  24:Drivers/CMSIS/DSP/Source/FastMathFunctions/arm_cos_f32.c ****  * WARRANTIES OR CONDITIONS OF ANY KIND, either express or implied.
  25:Drivers/CMSIS/DSP/Source/FastMathFunctions/arm_cos_f32.c ****  * See the License for the specific language governing permissions and
  26:Drivers/CMSIS/DSP/Source/FastMathFunctions/arm_cos_f32.c ****  * limitations under the License.
  27:Drivers/CMSIS/DSP/Source/FastMathFunctions/arm_cos_f32.c ****  */
  28:Drivers/CMSIS/DSP/Source/FastMathFunctions/arm_cos_f32.c **** 
  29:Drivers/CMSIS/DSP/Source/FastMathFunctions/arm_cos_f32.c **** #include "dsp/fast_math_functions.h"
ARM GAS  C:\Users\user\AppData\Local\Temp\ccpGinAZ.s 			page 2


  30:Drivers/CMSIS/DSP/Source/FastMathFunctions/arm_cos_f32.c **** #include "arm_common_tables.h"
  31:Drivers/CMSIS/DSP/Source/FastMathFunctions/arm_cos_f32.c **** 
  32:Drivers/CMSIS/DSP/Source/FastMathFunctions/arm_cos_f32.c **** /**
  33:Drivers/CMSIS/DSP/Source/FastMathFunctions/arm_cos_f32.c ****   @ingroup groupFastMath
  34:Drivers/CMSIS/DSP/Source/FastMathFunctions/arm_cos_f32.c ****  */
  35:Drivers/CMSIS/DSP/Source/FastMathFunctions/arm_cos_f32.c **** 
  36:Drivers/CMSIS/DSP/Source/FastMathFunctions/arm_cos_f32.c **** /**
  37:Drivers/CMSIS/DSP/Source/FastMathFunctions/arm_cos_f32.c ****   @defgroup cos Cosine
  38:Drivers/CMSIS/DSP/Source/FastMathFunctions/arm_cos_f32.c **** 
  39:Drivers/CMSIS/DSP/Source/FastMathFunctions/arm_cos_f32.c ****   Computes the trigonometric cosine function using a combination of table lookup
  40:Drivers/CMSIS/DSP/Source/FastMathFunctions/arm_cos_f32.c ****   and linear interpolation.  There are separate functions for
  41:Drivers/CMSIS/DSP/Source/FastMathFunctions/arm_cos_f32.c ****   Q15, Q31, and floating-point data types.
  42:Drivers/CMSIS/DSP/Source/FastMathFunctions/arm_cos_f32.c ****   The input to the floating-point version is in radians while the
  43:Drivers/CMSIS/DSP/Source/FastMathFunctions/arm_cos_f32.c ****   fixed-point Q15 and Q31 have a scaled input with the range
  44:Drivers/CMSIS/DSP/Source/FastMathFunctions/arm_cos_f32.c ****   [0 +0.9999] mapping to [0 2*pi).  The fixed-point range is chosen so that a
  45:Drivers/CMSIS/DSP/Source/FastMathFunctions/arm_cos_f32.c ****   value of 2*pi wraps around to 0.
  46:Drivers/CMSIS/DSP/Source/FastMathFunctions/arm_cos_f32.c **** 
  47:Drivers/CMSIS/DSP/Source/FastMathFunctions/arm_cos_f32.c ****   The implementation is based on table lookup using 512 values together with linear interpolation.
  48:Drivers/CMSIS/DSP/Source/FastMathFunctions/arm_cos_f32.c ****   The steps used are:
  49:Drivers/CMSIS/DSP/Source/FastMathFunctions/arm_cos_f32.c ****    -# Calculation of the nearest integer table index
  50:Drivers/CMSIS/DSP/Source/FastMathFunctions/arm_cos_f32.c ****    -# Compute the fractional portion (fract) of the table index.
  51:Drivers/CMSIS/DSP/Source/FastMathFunctions/arm_cos_f32.c ****    -# The final result equals <code>(1.0f-fract)*a + fract*b;</code>
  52:Drivers/CMSIS/DSP/Source/FastMathFunctions/arm_cos_f32.c **** 
  53:Drivers/CMSIS/DSP/Source/FastMathFunctions/arm_cos_f32.c ****   where
  54:Drivers/CMSIS/DSP/Source/FastMathFunctions/arm_cos_f32.c ****   <pre>
  55:Drivers/CMSIS/DSP/Source/FastMathFunctions/arm_cos_f32.c ****      a = Table[index];
  56:Drivers/CMSIS/DSP/Source/FastMathFunctions/arm_cos_f32.c ****      b = Table[index+1];
  57:Drivers/CMSIS/DSP/Source/FastMathFunctions/arm_cos_f32.c ****   </pre>
  58:Drivers/CMSIS/DSP/Source/FastMathFunctions/arm_cos_f32.c ****  */
  59:Drivers/CMSIS/DSP/Source/FastMathFunctions/arm_cos_f32.c **** 
  60:Drivers/CMSIS/DSP/Source/FastMathFunctions/arm_cos_f32.c **** /**
  61:Drivers/CMSIS/DSP/Source/FastMathFunctions/arm_cos_f32.c ****   @addtogroup cos
  62:Drivers/CMSIS/DSP/Source/FastMathFunctions/arm_cos_f32.c ****   @{
  63:Drivers/CMSIS/DSP/Source/FastMathFunctions/arm_cos_f32.c ****  */
  64:Drivers/CMSIS/DSP/Source/FastMathFunctions/arm_cos_f32.c **** 
  65:Drivers/CMSIS/DSP/Source/FastMathFunctions/arm_cos_f32.c **** /**
  66:Drivers/CMSIS/DSP/Source/FastMathFunctions/arm_cos_f32.c ****   @brief         Fast approximation to the trigonometric cosine function for floating-point data.
  67:Drivers/CMSIS/DSP/Source/FastMathFunctions/arm_cos_f32.c ****   @param[in]     x  input value in radians
  68:Drivers/CMSIS/DSP/Source/FastMathFunctions/arm_cos_f32.c ****   @return        cos(x)
  69:Drivers/CMSIS/DSP/Source/FastMathFunctions/arm_cos_f32.c ****  */
  70:Drivers/CMSIS/DSP/Source/FastMathFunctions/arm_cos_f32.c **** float32_t arm_cos_f32(
  71:Drivers/CMSIS/DSP/Source/FastMathFunctions/arm_cos_f32.c ****   float32_t x)
  72:Drivers/CMSIS/DSP/Source/FastMathFunctions/arm_cos_f32.c **** {
  30              		.loc 1 72 1 view -0
  31              		.cfi_startproc
  32              		@ args = 0, pretend = 0, frame = 0
  33              		@ frame_needed = 0, uses_anonymous_args = 0
  34              		@ link register save eliminated.
  73:Drivers/CMSIS/DSP/Source/FastMathFunctions/arm_cos_f32.c ****   float32_t cosVal, fract, in;                   /* Temporary input, output variables */
  35              		.loc 1 73 3 view .LVU1
  74:Drivers/CMSIS/DSP/Source/FastMathFunctions/arm_cos_f32.c ****   uint16_t index;                                /* Index variable */
  36              		.loc 1 74 3 view .LVU2
  75:Drivers/CMSIS/DSP/Source/FastMathFunctions/arm_cos_f32.c ****   float32_t a, b;                                /* Two nearest output values */
  37              		.loc 1 75 3 view .LVU3
  76:Drivers/CMSIS/DSP/Source/FastMathFunctions/arm_cos_f32.c ****   int32_t n;
  38              		.loc 1 76 3 view .LVU4
  77:Drivers/CMSIS/DSP/Source/FastMathFunctions/arm_cos_f32.c ****   float32_t findex;
ARM GAS  C:\Users\user\AppData\Local\Temp\ccpGinAZ.s 			page 3


  39              		.loc 1 77 3 view .LVU5
  78:Drivers/CMSIS/DSP/Source/FastMathFunctions/arm_cos_f32.c **** 
  79:Drivers/CMSIS/DSP/Source/FastMathFunctions/arm_cos_f32.c ****   /* input x is in radians */
  80:Drivers/CMSIS/DSP/Source/FastMathFunctions/arm_cos_f32.c ****   /* Scale input to [0 1] range from [0 2*PI] , divide input by 2*pi, add 0.25 (pi/2) to read sine 
  81:Drivers/CMSIS/DSP/Source/FastMathFunctions/arm_cos_f32.c ****   in = x * 0.159154943092f + 0.25f;
  40              		.loc 1 81 3 view .LVU6
  41              		.loc 1 81 10 is_stmt 0 view .LVU7
  42 0000 DFED227A 		vldr.32	s15, .L7
  43 0004 20EE270A 		vmul.f32	s0, s0, s15
  44              	.LVL1:
  45              		.loc 1 81 6 view .LVU8
  46 0008 F5EE007A 		vmov.f32	s15, #2.5e-1
  47 000c 30EE270A 		vadd.f32	s0, s0, s15
  48              	.LVL2:
  82:Drivers/CMSIS/DSP/Source/FastMathFunctions/arm_cos_f32.c **** 
  83:Drivers/CMSIS/DSP/Source/FastMathFunctions/arm_cos_f32.c ****   /* Calculation of floor value of input */
  84:Drivers/CMSIS/DSP/Source/FastMathFunctions/arm_cos_f32.c ****   n = (int32_t) in;
  49              		.loc 1 84 3 is_stmt 1 view .LVU9
  50              		.loc 1 84 5 is_stmt 0 view .LVU10
  51 0010 FDEEC07A 		vcvt.s32.f32	s15, s0
  52              	.LVL3:
  85:Drivers/CMSIS/DSP/Source/FastMathFunctions/arm_cos_f32.c **** 
  86:Drivers/CMSIS/DSP/Source/FastMathFunctions/arm_cos_f32.c ****   /* Make negative values towards -infinity */
  87:Drivers/CMSIS/DSP/Source/FastMathFunctions/arm_cos_f32.c ****   if (in < 0.0f)
  53              		.loc 1 87 3 is_stmt 1 view .LVU11
  54              		.loc 1 87 6 is_stmt 0 view .LVU12
  55 0014 B5EEC00A 		vcmpe.f32	s0, #0
  56 0018 F1EE10FA 		vmrs	APSR_nzcv, FPSCR
  57 001c 2FD4     		bmi	.L6
  58              	.L2:
  88:Drivers/CMSIS/DSP/Source/FastMathFunctions/arm_cos_f32.c ****   {
  89:Drivers/CMSIS/DSP/Source/FastMathFunctions/arm_cos_f32.c ****     n--;
  90:Drivers/CMSIS/DSP/Source/FastMathFunctions/arm_cos_f32.c ****   }
  91:Drivers/CMSIS/DSP/Source/FastMathFunctions/arm_cos_f32.c **** 
  92:Drivers/CMSIS/DSP/Source/FastMathFunctions/arm_cos_f32.c ****   /* Map input value to [0 1] */
  93:Drivers/CMSIS/DSP/Source/FastMathFunctions/arm_cos_f32.c ****   in = in - (float32_t) n;
  59              		.loc 1 93 3 is_stmt 1 view .LVU13
  60              		.loc 1 93 13 is_stmt 0 view .LVU14
  61 001e F8EEE77A 		vcvt.f32.s32	s15, s15
  62              	.LVL4:
  63              		.loc 1 93 6 view .LVU15
  64 0022 30EE670A 		vsub.f32	s0, s0, s15
  65              	.LVL5:
  94:Drivers/CMSIS/DSP/Source/FastMathFunctions/arm_cos_f32.c **** 
  95:Drivers/CMSIS/DSP/Source/FastMathFunctions/arm_cos_f32.c ****   /* Calculation of index of the table */
  96:Drivers/CMSIS/DSP/Source/FastMathFunctions/arm_cos_f32.c ****   findex = (float32_t)FAST_MATH_TABLE_SIZE * in;
  66              		.loc 1 96 3 is_stmt 1 view .LVU16
  67              		.loc 1 96 10 is_stmt 0 view .LVU17
  68 0026 DFED1A7A 		vldr.32	s15, .L7+4
  69 002a 20EE270A 		vmul.f32	s0, s0, s15
  70              	.LVL6:
  97:Drivers/CMSIS/DSP/Source/FastMathFunctions/arm_cos_f32.c ****   index = (uint16_t)findex;
  71              		.loc 1 97 3 is_stmt 1 view .LVU18
  72              		.loc 1 97 9 is_stmt 0 view .LVU19
  73 002e FCEEC07A 		vcvt.u32.f32	s15, s0
  74 0032 17EE903A 		vmov	r3, s15	@ int
  75 0036 9BB2     		uxth	r3, r3
ARM GAS  C:\Users\user\AppData\Local\Temp\ccpGinAZ.s 			page 4


  76              	.LVL7:
  98:Drivers/CMSIS/DSP/Source/FastMathFunctions/arm_cos_f32.c **** 
  99:Drivers/CMSIS/DSP/Source/FastMathFunctions/arm_cos_f32.c ****   /* when "in" is exactly 1, we need to rotate the index down to 0 */
 100:Drivers/CMSIS/DSP/Source/FastMathFunctions/arm_cos_f32.c ****   if (index >= FAST_MATH_TABLE_SIZE) {
  77              		.loc 1 100 3 is_stmt 1 view .LVU20
  78              		.loc 1 100 6 is_stmt 0 view .LVU21
  79 0038 B3F5007F 		cmp	r3, #512
  80 003c 04D3     		bcc	.L4
 101:Drivers/CMSIS/DSP/Source/FastMathFunctions/arm_cos_f32.c ****     index = 0;
  81              		.loc 1 101 5 is_stmt 1 view .LVU22
  82              	.LVL8:
 102:Drivers/CMSIS/DSP/Source/FastMathFunctions/arm_cos_f32.c ****     findex -= (float32_t)FAST_MATH_TABLE_SIZE;
  83              		.loc 1 102 5 view .LVU23
  84              		.loc 1 102 12 is_stmt 0 view .LVU24
  85 003e DFED147A 		vldr.32	s15, .L7+4
  86 0042 30EE670A 		vsub.f32	s0, s0, s15
  87              	.LVL9:
 101:Drivers/CMSIS/DSP/Source/FastMathFunctions/arm_cos_f32.c ****     index = 0;
  88              		.loc 1 101 11 view .LVU25
  89 0046 0023     		movs	r3, #0
  90              	.LVL10:
  91              	.L4:
 103:Drivers/CMSIS/DSP/Source/FastMathFunctions/arm_cos_f32.c ****   }
 104:Drivers/CMSIS/DSP/Source/FastMathFunctions/arm_cos_f32.c **** 
 105:Drivers/CMSIS/DSP/Source/FastMathFunctions/arm_cos_f32.c ****   /* fractional value calculation */
 106:Drivers/CMSIS/DSP/Source/FastMathFunctions/arm_cos_f32.c ****   fract = findex - (float32_t) index;
  92              		.loc 1 106 3 is_stmt 1 view .LVU26
  93              		.loc 1 106 20 is_stmt 0 view .LVU27
  94 0048 07EE903A 		vmov	s15, r3	@ int
  95 004c F8EE677A 		vcvt.f32.u32	s15, s15
  96              		.loc 1 106 9 view .LVU28
  97 0050 30EE670A 		vsub.f32	s0, s0, s15
  98              	.LVL11:
 107:Drivers/CMSIS/DSP/Source/FastMathFunctions/arm_cos_f32.c **** 
 108:Drivers/CMSIS/DSP/Source/FastMathFunctions/arm_cos_f32.c ****   /* Read two nearest values of input value from the cos table */
 109:Drivers/CMSIS/DSP/Source/FastMathFunctions/arm_cos_f32.c ****   a = sinTable_f32[index];
  99              		.loc 1 109 3 is_stmt 1 view .LVU29
 100              		.loc 1 109 5 is_stmt 0 view .LVU30
 101 0054 0F4A     		ldr	r2, .L7+8
 102 0056 02EB8301 		add	r1, r2, r3, lsl #2
 103 005a D1ED006A 		vldr.32	s13, [r1]
 104              	.LVL12:
 110:Drivers/CMSIS/DSP/Source/FastMathFunctions/arm_cos_f32.c ****   b = sinTable_f32[index+1];
 105              		.loc 1 110 3 is_stmt 1 view .LVU31
 106              		.loc 1 110 25 is_stmt 0 view .LVU32
 107 005e 0133     		adds	r3, r3, #1
 108              	.LVL13:
 109              		.loc 1 110 5 view .LVU33
 110 0060 02EB8303 		add	r3, r2, r3, lsl #2
 111 0064 93ED007A 		vldr.32	s14, [r3]
 112              	.LVL14:
 111:Drivers/CMSIS/DSP/Source/FastMathFunctions/arm_cos_f32.c **** 
 112:Drivers/CMSIS/DSP/Source/FastMathFunctions/arm_cos_f32.c ****   /* Linear interpolation process */
 113:Drivers/CMSIS/DSP/Source/FastMathFunctions/arm_cos_f32.c ****   cosVal = (1.0f - fract) * a + fract * b;
 113              		.loc 1 113 3 is_stmt 1 view .LVU34
 114              		.loc 1 113 18 is_stmt 0 view .LVU35
 115 0068 F7EE007A 		vmov.f32	s15, #1.0e+0
ARM GAS  C:\Users\user\AppData\Local\Temp\ccpGinAZ.s 			page 5


 116 006c 77EEC07A 		vsub.f32	s15, s15, s0
 117              		.loc 1 113 27 view .LVU36
 118 0070 67EEA67A 		vmul.f32	s15, s15, s13
 119              		.loc 1 113 39 view .LVU37
 120 0074 20EE070A 		vmul.f32	s0, s0, s14
 121              	.LVL15:
 114:Drivers/CMSIS/DSP/Source/FastMathFunctions/arm_cos_f32.c **** 
 115:Drivers/CMSIS/DSP/Source/FastMathFunctions/arm_cos_f32.c ****   /* Return output value */
 116:Drivers/CMSIS/DSP/Source/FastMathFunctions/arm_cos_f32.c ****   return (cosVal);
 122              		.loc 1 116 3 is_stmt 1 view .LVU38
 117:Drivers/CMSIS/DSP/Source/FastMathFunctions/arm_cos_f32.c **** }
 123              		.loc 1 117 1 is_stmt 0 view .LVU39
 124 0078 37EE800A 		vadd.f32	s0, s15, s0
 125              	.LVL16:
 126              		.loc 1 117 1 view .LVU40
 127 007c 7047     		bx	lr
 128              	.LVL17:
 129              	.L6:
  89:Drivers/CMSIS/DSP/Source/FastMathFunctions/arm_cos_f32.c ****   }
 130              		.loc 1 89 5 is_stmt 1 view .LVU41
  89:Drivers/CMSIS/DSP/Source/FastMathFunctions/arm_cos_f32.c ****   }
 131              		.loc 1 89 6 is_stmt 0 view .LVU42
 132 007e 17EE903A 		vmov	r3, s15	@ int
 133 0082 013B     		subs	r3, r3, #1
 134 0084 07EE903A 		vmov	s15, r3	@ int
 135              	.LVL18:
  89:Drivers/CMSIS/DSP/Source/FastMathFunctions/arm_cos_f32.c ****   }
 136              		.loc 1 89 6 view .LVU43
 137 0088 C9E7     		b	.L2
 138              	.L8:
 139 008a 00BF     		.align	2
 140              	.L7:
 141 008c 83F9223E 		.word	1042479491
 142 0090 00000044 		.word	1140850688
 143 0094 00000000 		.word	sinTable_f32
 144              		.cfi_endproc
 145              	.LFE121:
 147              		.text
 148              	.Letext0:
 149              		.file 2 "c:\\program files (x86)\\gnu arm embedded toolchain\\10 2021.10\\arm-none-eabi\\include\\
 150              		.file 3 "c:\\program files (x86)\\gnu arm embedded toolchain\\10 2021.10\\arm-none-eabi\\include\\
 151              		.file 4 "Drivers/CMSIS/DSP/Include/arm_math_types.h"
 152              		.file 5 "Drivers/CMSIS/DSP/Include/arm_common_tables.h"
ARM GAS  C:\Users\user\AppData\Local\Temp\ccpGinAZ.s 			page 6


DEFINED SYMBOLS
                            *ABS*:00000000 arm_cos_f32.c
C:\Users\user\AppData\Local\Temp\ccpGinAZ.s:20     .text.arm_cos_f32:00000000 $t
C:\Users\user\AppData\Local\Temp\ccpGinAZ.s:26     .text.arm_cos_f32:00000000 arm_cos_f32
C:\Users\user\AppData\Local\Temp\ccpGinAZ.s:141    .text.arm_cos_f32:0000008c $d

UNDEFINED SYMBOLS
sinTable_f32
